<?xml version="1.0" encoding="UTF-8"?>
<!-- Generated by org.testng.reporters.JUnitXMLReporter -->
<testsuite ignored="0" hostname="DESKTOP-B8R4OMO" failures="0" tests="4" name="Test Chrome" time="232.18" errors="0" timestamp="2022-12-09T15:56:51 IST">
  <testcase classname="com.qa.testscripts.CleartripBooking" name="test_001" time="59.511"/>
  <testcase classname="com.qa.testscripts.CleartripBooking" name="test_001" time="26.76"/>
  <testcase classname="com.qa.testscripts.CleartripBooking" name="test_001" time="29.051"/>
  <testcase classname="com.qa.testscripts.CleartripBooking" name="test_001" time="26.655"/>
</testsuite> <!-- Test Chrome -->
